<?xml version="1.0" encoding="UTF-8"?>
<testng-results ignored="0" total="2" passed="2" failed="0" skipped="0">
  <reporter-output>
  </reporter-output>
  <suite started-at="2019-03-27T00:57:36Z" name="nopcommerce" finished-at="2019-03-27T00:58:20Z" duration-ms="43975">
    <groups>
    </groups>
    <test started-at="2019-03-27T00:57:36Z" name="chromeTest" finished-at="2019-03-27T00:58:20Z" duration-ms="43975">
      <class name="com.nopcommerce.testCases.TC_LoginTest_001">
        <test-method is-config="true" signature="setup(java.lang.String)[pri:0, instance:com.nopcommerce.testCases.TC_LoginTest_001@661972b0]" started-at="2019-03-27T00:57:37Z" name="setup" finished-at="2019-03-27T00:57:43Z" duration-ms="5878" status="PASS">
          <params>
            <param index="0">
              <value>
                <![CDATA[chrome]]>
              </value>
            </param>
          </params>
          <reporter-output>
          </reporter-output>
        </test-method> <!-- setup -->
        <test-method signature="loginTest()[pri:0, instance:com.nopcommerce.testCases.TC_LoginTest_001@661972b0]" started-at="2019-03-27T00:57:43Z" name="loginTest" finished-at="2019-03-27T00:57:54Z" duration-ms="11001" status="PASS">
          <reporter-output>
          </reporter-output>
        </test-method> <!-- loginTest -->
        <test-method is-config="true" signature="tearDown()[pri:0, instance:com.nopcommerce.testCases.TC_LoginTest_001@661972b0]" started-at="2019-03-27T00:57:54Z" name="tearDown" finished-at="2019-03-27T00:57:54Z" duration-ms="802" status="PASS">
          <reporter-output>
          </reporter-output>
        </test-method> <!-- tearDown -->
      </class> <!-- com.nopcommerce.testCases.TC_LoginTest_001 -->
      <class name="com.nopcommerce.testCases.TC_AddCustomerTest_003">
        <test-method is-config="true" signature="setup(java.lang.String)[pri:0, instance:com.nopcommerce.testCases.TC_AddCustomerTest_003@5af3afd9]" started-at="2019-03-27T00:57:54Z" name="setup" finished-at="2019-03-27T00:57:59Z" duration-ms="4138" status="PASS">
          <params>
            <param index="0">
              <value>
                <![CDATA[chrome]]>
              </value>
            </param>
          </params>
          <reporter-output>
          </reporter-output>
        </test-method> <!-- setup -->
        <test-method signature="addNewCustomer()[pri:0, instance:com.nopcommerce.testCases.TC_AddCustomerTest_003@5af3afd9]" started-at="2019-03-27T00:57:59Z" name="addNewCustomer" finished-at="2019-03-27T00:58:20Z" duration-ms="20917" status="PASS">
          <reporter-output>
          </reporter-output>
        </test-method> <!-- addNewCustomer -->
        <test-method is-config="true" signature="tearDown()[pri:0, instance:com.nopcommerce.testCases.TC_AddCustomerTest_003@5af3afd9]" started-at="2019-03-27T00:58:20Z" name="tearDown" finished-at="2019-03-27T00:58:20Z" duration-ms="815" status="PASS">
          <reporter-output>
          </reporter-output>
        </test-method> <!-- tearDown -->
      </class> <!-- com.nopcommerce.testCases.TC_AddCustomerTest_003 -->
    </test> <!-- chromeTest -->
  </suite> <!-- nopcommerce -->
</testng-results>
